#
# There is insufficient memory for the Java Runtime Environment to continue.
# Native memory allocation (malloc) failed to allocate 1363616 bytes for Chunk::new
# Possible reasons:
#   The system is out of physical RAM or swap space
#   In 32 bit mode, the process size limit was hit
# Possible solutions:
#   Reduce memory load on the system
#   Increase physical memory or swap space
#   Check if swap backing store is full
#   Use 64 bit Java on a 64 bit OS
#   Decrease Java heap size (-Xmx/-Xms)
#   Decrease number of Java threads
#   Decrease Java thread stack sizes (-Xss)
#   Set larger code cache with -XX:ReservedCodeCacheSize=
# This output file may be truncated or incomplete.
#
#  Out of Memory Error (allocation.cpp:390), pid=2140, tid=6372
#
# JRE version: Java(TM) SE Runtime Environment (8.0_60-b27) (build 1.8.0_60-b27)
# Java VM: Java HotSpot(TM) 64-Bit Server VM (25.60-b23 mixed mode windows-amd64 compressed oops)
# Failed to write core dump. Minidumps are not enabled by default on client versions of Windows
#

---------------  T H R E A D  ---------------

Current thread (0x0000000016b55800):  JavaThread "C2 CompilerThread1" daemon [_thread_in_native, id=6372, stack(0x0000000016f00000,0x0000000017000000)]

Stack: [0x0000000016f00000,0x0000000017000000]
[error occurred during error reporting (printing stack bounds), id 0xc0000005]

Native frames: (J=compiled Java code, j=interpreted, Vv=VM code, C=native code)


Current CompileTask:
C2:  20224 2518       4       com.android.dx.dex.code.OutputFinisher::addConstants (93 bytes)


---------------  P R O C E S S  ---------------

Java Threads: ( => current thread )
  0x0000000016b62800 JavaThread "Service Thread" daemon [_thread_blocked, id=2932, stack(0x0000000017100000,0x0000000017200000)]
  0x0000000016b5b800 JavaThread "C1 CompilerThread2" daemon [_thread_blocked, id=5504, stack(0x0000000017000000,0x0000000017100000)]
=>0x0000000016b55800 JavaThread "C2 CompilerThread1" daemon [_thread_in_native, id=6372, stack(0x0000000016f00000,0x0000000017000000)]
  0x00000000154fb800 JavaThread "C2 CompilerThread0" daemon [_thread_in_native, id=6552, stack(0x0000000016a00000,0x0000000016b00000)]
  0x00000000154af000 JavaThread "Attach Listener" daemon [_thread_blocked, id=7548, stack(0x0000000016900000,0x0000000016a00000)]
  0x00000000154ae000 JavaThread "Signal Dispatcher" daemon [_thread_blocked, id=472, stack(0x0000000016800000,0x0000000016900000)]
  0x0000000002d26000 JavaThread "Finalizer" daemon [_thread_blocked, id=1088, stack(0x0000000016700000,0x0000000016800000)]
  0x0000000002d1d000 JavaThread "Reference Handler" daemon [_thread_blocked, id=7868, stack(0x0000000016600000,0x0000000016700000)]
  0x0000000002dce000 JavaThread "main" [_thread_in_Java, id=7220, stack(0x00000000027d0000,0x00000000028d0000)]

Other Threads:
  0x0000000015468000 VMThread [stack: 0x0000000016500000,0x0000000016600000] [id=3440]
  0x0000000016ba6000 WatcherThread [stack: 0x0000000017200000,0x0000000017300000] [id=5180]

VM state:not at safepoint (normal execution)

VM Mutex/Monitor currently owned by a thread: None

Heap:
 PSYoungGen      total 291840K, used 63392K [0x00000000eab00000, 0x00000000fef00000, 0x0000000100000000)
  eden space 262656K, 14% used [0x00000000eab00000,0x00000000ed0627f0,0x00000000fab80000)
  from space 29184K, 86% used [0x00000000fcb80000,0x00000000fe405838,0x00000000fe800000)
  to   space 32768K, 0% used [0x00000000fab80000,0x00000000fab80000,0x00000000fcb80000)
 ParOldGen       total 87552K, used 46375K [0x00000000c0000000, 0x00000000c5580000, 0x00000000eab00000)
  object space 87552K, 52% used [0x00000000c0000000,0x00000000c2d49f28,0x00000000c5580000)
 Metaspace       used 6698K, capacity 7320K, committed 7680K, reserved 1056768K
  class space    used 634K, capacity 656K, committed 768K, reserved 1048576K

Card table byte_map: [0x0000000012190000,0x00000000123a0000] byte_map_base: 0x0000000011b90000

Marking Bits: (ParMarkBitMap*) 0x00000000687da5b0
 Begin Bits: [0x0000000012900000, 0x0000000013900000)
 End Bits:   [0x0000000013900000, 0x0000000014900000)

Polling page: 0x0000000000fb0000

CodeCache: size=245760Kb used=12323Kb max_used=12335Kb free=233436Kb
 bounds [0x0000000002dd0000, 0x00000000039f0000, 0x0000000011dd0000]
 total_blobs=2640 nmethods=2368 adapters=184
 compilation: enabled

Compilation events (10 events):
Event: 20.161 Thread 0x0000000016b5b800 2520       3       java.util.HashMap::keySet (27 bytes)
Event: 20.161 Thread 0x0000000016b5b800 nmethod 2520 0x00000000039d9b90 code [0x00000000039d9d20, 0x00000000039da0d0]
Event: 20.161 Thread 0x0000000016b5b800 2521       3       java.util.HashMap$KeySet::iterator (12 bytes)
Event: 20.162 Thread 0x0000000016b5b800 nmethod 2521 0x00000000039d96d0 code [0x00000000039d9840, 0x00000000039d9aa8]
Event: 20.162 Thread 0x0000000016b5b800 2522       3       java.util.HashMap$KeyIterator::<init> (11 bytes)
Event: 20.162 Thread 0x0000000016b5b800 nmethod 2522 0x00000000039e0cd0 code [0x00000000039e0e40, 0x00000000039e0fe8]
Event: 20.163 Thread 0x0000000016b5b800 2523       3       com.android.dx.dex.file.DebugInfoItem::<init> (36 bytes)
Event: 20.163 Thread 0x0000000016b5b800 nmethod 2523 0x00000000039e1090 code [0x00000000039e1200, 0x00000000039e14d8]
Event: 20.166 Thread 0x0000000016b55800 nmethod 2454 0x00000000039e4850 code [0x00000000039e49c0, 0x00000000039e5018]
Event: 20.166 Thread 0x0000000016b55800 2518       4       com.android.dx.dex.code.OutputFinisher::addConstants (93 bytes)

GC Heap History (10 events):
Event: 6.607 GC heap before
{Heap before GC invocations=2 (full 0):
 PSYoungGen      total 38400K, used 38376K [0x00000000eab00000, 0x00000000ef600000, 0x0000000100000000)
  eden space 33280K, 100% used [0x00000000eab00000,0x00000000ecb80000,0x00000000ecb80000)
  from space 5120K, 99% used [0x00000000ecb80000,0x00000000ed07a178,0x00000000ed080000)
  to   space 5120K, 0% used [0x00000000ef100000,0x00000000ef100000,0x00000000ef600000)
 ParOldGen       total 87552K, used 310K [0x00000000c0000000, 0x00000000c5580000, 0x00000000eab00000)
  object space 87552K, 0% used [0x00000000c0000000,0x00000000c004d9a8,0x00000000c5580000)
 Metaspace       used 6205K, capacity 7030K, committed 7296K, reserved 1056768K
  class space    used 607K, capacity 622K, committed 640K, reserved 1048576K
Event: 7.084 GC heap after
Heap after GC invocations=2 (full 0):
 PSYoungGen      total 71680K, used 5113K [0x00000000eab00000, 0x00000000ef600000, 0x0000000100000000)
  eden space 66560K, 0% used [0x00000000eab00000,0x00000000eab00000,0x00000000eec00000)
  from space 5120K, 99% used [0x00000000ef100000,0x00000000ef5fe608,0x00000000ef600000)
  to   space 5120K, 0% used [0x00000000eec00000,0x00000000eec00000,0x00000000ef100000)
 ParOldGen       total 87552K, used 3686K [0x00000000c0000000, 0x00000000c5580000, 0x00000000eab00000)
  object space 87552K, 4% used [0x00000000c0000000,0x00000000c0399b80,0x00000000c5580000)
 Metaspace       used 6205K, capacity 7030K, committed 7296K, reserved 1056768K
  class space    used 607K, capacity 622K, committed 640K, reserved 1048576K
}
Event: 12.561 GC heap before
{Heap before GC invocations=3 (full 0):
 PSYoungGen      total 71680K, used 71673K [0x00000000eab00000, 0x00000000ef600000, 0x0000000100000000)
  eden space 66560K, 100% used [0x00000000eab00000,0x00000000eec00000,0x00000000eec00000)
  from space 5120K, 99% used [0x00000000ef100000,0x00000000ef5fe608,0x00000000ef600000)
  to   space 5120K, 0% used [0x00000000eec00000,0x00000000eec00000,0x00000000ef100000)
 ParOldGen       total 87552K, used 3686K [0x00000000c0000000, 0x00000000c5580000, 0x00000000eab00000)
  object space 87552K, 4% used [0x00000000c0000000,0x00000000c0399b80,0x00000000c5580000)
 Metaspace       used 6320K, capacity 7158K, committed 7296K, reserved 1056768K
  class space    used 609K, capacity 622K, committed 640K, reserved 1048576K
Event: 13.067 GC heap after
Heap after GC invocations=3 (full 0):
 PSYoungGen      total 71680K, used 5092K [0x00000000eab00000, 0x00000000f3700000, 0x0000000100000000)
  eden space 66560K, 0% used [0x00000000eab00000,0x00000000eab00000,0x00000000eec00000)
  from space 5120K, 99% used [0x00000000eec00000,0x00000000ef0f9380,0x00000000ef100000)
  to   space 5120K, 0% used [0x00000000f3200000,0x00000000f3200000,0x00000000f3700000)
 ParOldGen       total 87552K, used 13416K [0x00000000c0000000, 0x00000000c5580000, 0x00000000eab00000)
  object space 87552K, 15% used [0x00000000c0000000,0x00000000c0d1a120,0x00000000c5580000)
 Metaspace       used 6320K, capacity 7158K, committed 7296K, reserved 1056768K
  class space    used 609K, capacity 622K, committed 640K, reserved 1048576K
}
Event: 15.957 GC heap before
{Heap before GC invocations=4 (full 0):
 PSYoungGen      total 71680K, used 71652K [0x00000000eab00000, 0x00000000f3700000, 0x0000000100000000)
  eden space 66560K, 100% used [0x00000000eab00000,0x00000000eec00000,0x00000000eec00000)
  from space 5120K, 99% used [0x00000000eec00000,0x00000000ef0f9380,0x00000000ef100000)
  to   space 5120K, 0% used [0x00000000f3200000,0x00000000f3200000,0x00000000f3700000)
 ParOldGen       total 87552K, used 13416K [0x00000000c0000000, 0x00000000c5580000, 0x00000000eab00000)
  object space 87552K, 15% used [0x00000000c0000000,0x00000000c0d1a120,0x00000000c5580000)
 Metaspace       used 6459K, capacity 7222K, committed 7296K, reserved 1056768K
  class space    used 609K, capacity 622K, committed 640K, reserved 1048576K
Event: 16.062 GC heap after
Heap after GC invocations=4 (full 0):
 PSYoungGen      total 138240K, used 5113K [0x00000000eab00000, 0x00000000f3700000, 0x0000000100000000)
  eden space 133120K, 0% used [0x00000000eab00000,0x00000000eab00000,0x00000000f2d00000)
  from space 5120K, 99% used [0x00000000f3200000,0x00000000f36fe5e8,0x00000000f3700000)
  to   space 5120K, 0% used [0x00000000f2d00000,0x00000000f2d00000,0x00000000f3200000)
 ParOldGen       total 87552K, used 24345K [0x00000000c0000000, 0x00000000c5580000, 0x00000000eab00000)
  object space 87552K, 27% used [0x00000000c0000000,0x00000000c17c6518,0x00000000c5580000)
 Metaspace       used 6459K, capacity 7222K, committed 7296K, reserved 1056768K
  class space    used 609K, capacity 622K, committed 640K, reserved 1048576K
}
Event: 17.915 GC heap before
{Heap before GC invocations=5 (full 0):
 PSYoungGen      total 138240K, used 138233K [0x00000000eab00000, 0x00000000f3700000, 0x0000000100000000)
  eden space 133120K, 100% used [0x00000000eab00000,0x00000000f2d00000,0x00000000f2d00000)
  from space 5120K, 99% used [0x00000000f3200000,0x00000000f36fe5e8,0x00000000f3700000)
  to   space 5120K, 0% used [0x00000000f2d00000,0x00000000f2d00000,0x00000000f3200000)
 ParOldGen       total 87552K, used 24345K [0x00000000c0000000, 0x00000000c5580000, 0x00000000eab00000)
  object space 87552K, 27% used [0x00000000c0000000,0x00000000c17c6518,0x00000000c5580000)
 Metaspace       used 6591K, capacity 7256K, committed 7424K, reserved 1056768K
  class space    used 628K, capacity 656K, committed 768K, reserved 1048576K
Event: 18.200 GC heap after
Heap after GC invocations=5 (full 0):
 PSYoungGen      total 138240K, used 5102K [0x00000000eab00000, 0x00000000fe800000, 0x0000000100000000)
  eden space 133120K, 0% used [0x00000000eab00000,0x00000000eab00000,0x00000000f2d00000)
  from space 5120K, 99% used [0x00000000f2d00000,0x00000000f31fb9c8,0x00000000f3200000)
  to   space 29184K, 0% used [0x00000000fcb80000,0x00000000fcb80000,0x00000000fe800000)
 ParOldGen       total 87552K, used 46375K [0x00000000c0000000, 0x00000000c5580000, 0x00000000eab00000)
  object space 87552K, 52% used [0x00000000c0000000,0x00000000c2d49f28,0x00000000c5580000)
 Metaspace       used 6591K, capacity 7256K, committed 7424K, reserved 1056768K
  class space    used 628K, capacity 656K, committed 768K, reserved 1048576K
}
Event: 19.843 GC heap before
{Heap before GC invocations=6 (full 0):
 PSYoungGen      total 138240K, used 138222K [0x00000000eab00000, 0x00000000fe800000, 0x0000000100000000)
  eden space 133120K, 100% used [0x00000000eab00000,0x00000000f2d00000,0x00000000f2d00000)
  from space 5120K, 99% used [0x00000000f2d00000,0x00000000f31fb9c8,0x00000000f3200000)
  to   space 29184K, 0% used [0x00000000fcb80000,0x00000000fcb80000,0x00000000fe800000)
 ParOldGen       total 87552K, used 46375K [0x00000000c0000000, 0x00000000c5580000, 0x00000000eab00000)
  object space 87552K, 52% used [0x00000000c0000000,0x00000000c2d49f28,0x00000000c5580000)
 Metaspace       used 6606K, capacity 7256K, committed 7424K, reserved 1056768K
  class space    used 629K, capacity 656K, committed 768K, reserved 1048576K
Event: 19.930 GC heap after
Heap after GC invocations=6 (full 0):
 PSYoungGen      total 291840K, used 25110K [0x00000000eab00000, 0x00000000fef00000, 0x0000000100000000)
  eden space 262656K, 0% used [0x00000000eab00000,0x00000000eab00000,0x00000000fab80000)
  from space 29184K, 86% used [0x00000000fcb80000,0x00000000fe405838,0x00000000fe800000)
  to   space 32768K, 0% used [0x00000000fab80000,0x00000000fab80000,0x00000000fcb80000)
 ParOldGen       total 87552K, used 46375K [0x00000000c0000000, 0x00000000c5580000, 0x00000000eab00000)
  object space 87552K, 52% used [0x00000000c0000000,0x00000000c2d49f28,0x00000000c5580000)
 Metaspace       used 6606K, capacity 7256K, committed 7424K, reserved 1056768K
  class space    used 629K, capacity 656K, committed 768K, reserved 1048576K
}

Deoptimization events (10 events):
Event: 19.399 Thread 0x0000000016d99800 Uncommon trap: reason=unstable_if action=reinterpret pc=0x000000000393d280 method=com.android.dx.cf.code.BytecodeArray.parseInstruction(ILcom/android/dx/cf/code/BytecodeArray$Visitor;)I @ 1261
Event: 19.488 Thread 0x0000000016d97800 Uncommon trap: reason=unstable_if action=reinterpret pc=0x000000000390906c method=java.util.HashMap.putVal(ILjava/lang/Object;Ljava/lang/Object;ZZ)Ljava/lang/Object; @ 109
Event: 19.750 Thread 0x0000000002dce000 Uncommon trap: reason=unstable_if action=reinterpret pc=0x0000000003546218 method=java.util.HashMap.resize()[Ljava/util/HashMap$Node; @ 206
Event: 20.054 Thread 0x0000000016d99800 Uncommon trap: reason=class_check action=maybe_recompile pc=0x0000000003769ff0 method=com.android.dx.ssa.SCCP.replaceConstants()V @ 127
Event: 20.066 Thread 0x0000000016d99800 Uncommon trap: reason=class_check action=maybe_recompile pc=0x0000000003769ff0 method=com.android.dx.ssa.SCCP.replaceConstants()V @ 127
Event: 20.072 Thread 0x0000000002dce000 Uncommon trap: reason=class_check action=maybe_recompile pc=0x0000000003305c88 method=java.util.Arrays.hashCode([Ljava/lang/Object;)I @ 43
Event: 20.072 Thread 0x0000000002dce000 Uncommon trap: reason=class_check action=maybe_recompile pc=0x0000000003305c88 method=java.util.Arrays.hashCode([Ljava/lang/Object;)I @ 43
Event: 20.072 Thread 0x0000000002dce000 Uncommon trap: reason=class_check action=maybe_recompile pc=0x0000000003305c88 method=java.util.Arrays.hashCode([Ljava/lang/Object;)I @ 43
Event: 20.072 Thread 0x0000000002dce000 Uncommon trap: reason=class_check action=maybe_recompile pc=0x0000000003305c88 method=java.util.Arrays.hashCode([Ljava/lang/Object;)I @ 43
Event: 20.072 Thread 0x0000000002dce000 Uncommon trap: reason=class_check action=maybe_recompile pc=0x00000000032b5174 method=java.util.Arrays.hashCode([Ljava/lang/Object;)I @ 43

Internal exceptions (7 events):
Event: 0.053 Thread 0x0000000002dce000 Exception <a 'java/lang/NoSuchMethodError': Method sun.misc.Unsafe.defineClass(Ljava/lang/String;[BII)Ljava/lang/Class; name or signature does not match> (0x00000000eab12cb8) thrown at [C:\re\workspace\8-2-build-windows-amd64-cygwin\jdk8u60\4407\hotspot\sr ¸O„½
Event: 0.053 Thread 0x0000000002dce000 Exception <a 'java/lang/NoSuchMethodError': Method sun.misc.Unsafe.prefetchRead(Ljava/lang/Object;J)V name or signature does not match> (0x00000000eab12fa0) thrown at [C:\re\workspace\8-2-build-windows-amd64-cygwin\jdk8u60\4407\hotspot\src\share\vm\prims\jÿ)±`ñ@
Event: 7.263 Thread 0x0000000002dce000 Implicit null exception at 0x00000000033df3b8 to 0x00000000033e1d69
Event: 16.283 Thread 0x0000000016d93000 Implicit null exception at 0x000000000341f7b9 to 0x000000000342076d
Event: 16.697 Thread 0x0000000016d99800 Exception <a 'java/lang/ArrayIndexOutOfBoundsException': 18> (0x00000000ef58bdc0) thrown at [C:\re\workspace\8-2-build-windows-amd64-cygwin\jdk8u60\4407\hotspot\src\share\vm\interpreter\interpreterRuntime.cpp, line 366]
Event: 16.699 Thread 0x0000000016d99800 Exception <a 'java/lang/ArrayIndexOutOfBoundsException'> (0x00000000ef58d940) thrown at [C:\re\workspace\8-2-build-windows-amd64-cygwin\jdk8u60\4407\hotspot\src\share\vm\runtime\sharedRuntime.cpp, line 605]
Event: 16.700 Thread 0x0000000016d99800 Exception <a 'java/lang/ArrayIndexOutOfBoundsException'> (0x00000000ef58ec28) thrown at [C:\re\workspace\8-2-build-windows-amd64-cygwin\jdk8u60\4407\hotspot\src\share\vm\runtime\sharedRuntime.cpp, line 605]

Events (10 events):
Event: 20.072 Thread 0x0000000002dce000 DEOPT PACKING pc=0x0000000003305c88 sp=0x00000000028cec60
Event: 20.072 Thread 0x0000000002dce000 DEOPT UNPACKING pc=0x0000000002e1582a sp=0x00000000028ceb90 mode 2
Event: 20.072 Thread 0x0000000002dce000 Uncommon trap: trap_request=0xffffffde fr.pc=0x00000000032b5174
Event: 20.072 Thread 0x0000000002dce000 DEOPT PACKING pc=0x00000000032b5174 sp=0x00000000028ce930
Event: 20.072 Thread 0x0000000002dce000 DEOPT UNPACKING pc=0x0000000002e1582a sp=0x00000000028ce8b8 mode 2
Event: 20.072 loading class com/android/dx/rop/cst/Zeroes
Event: 20.072 loading class com/android/dx/rop/cst/Zeroes done
Event: 20.113 Thread 0x0000000016d99800 Thread exited: 0x0000000016d99800
Event: 20.147 loading class com/android/dx/dex/file/CatchStructs
Event: 20.147 loading class com/android/dx/dex/file/CatchStructs done


Dynamic libraries:
0x00007ff628620000 - 0x00007ff628657000 	C:\Program Files\Java\jdk1.8.0_60\bin\java.exe
0x00007ffd305c0000 - 0x00007ffd3076d000 	C:\windows\SYSTEM32\ntdll.dll
0x00007ffd2e060000 - 0x00007ffd2e19e000 	C:\windows\system32\KERNEL32.DLL
0x00007ffd2d820000 - 0x00007ffd2d935000 	C:\windows\system32\KERNELBASE.dll
0x00007ffd2c2c0000 - 0x00007ffd2c34e000 	C:\windows\system32\apphelp.dll
0x00007ffd15a00000 - 0x00007ffd15a53000 	C:\windows\AppPatch\AppPatch64\AcGenral.DLL
0x00007ffd2e360000 - 0x00007ffd2e40a000 	C:\windows\system32\msvcrt.dll
0x00007ffd2d9f0000 - 0x00007ffd2da1e000 	C:\windows\system32\SspiCli.dll
0x00007ffd2fbe0000 - 0x00007ffd2fc34000 	C:\windows\system32\SHLWAPI.dll
0x00007ffd2e4e0000 - 0x00007ffd2e657000 	C:\windows\system32\USER32.dll
0x00007ffd30240000 - 0x00007ffd303d4000 	C:\windows\system32\ole32.dll
0x00007ffd2e660000 - 0x00007ffd2fb8a000 	C:\windows\system32\SHELL32.dll
0x00007ffd2cd40000 - 0x00007ffd2cd61000 	C:\windows\SYSTEM32\USERENV.dll
0x00007ffd30510000 - 0x00007ffd305ba000 	C:\windows\system32\ADVAPI32.dll
0x00007ffd23b30000 - 0x00007ffd23b4e000 	C:\windows\SYSTEM32\MPR.dll
0x00007ffd2fc40000 - 0x00007ffd2fd80000 	C:\windows\system32\RPCRT4.dll
0x00007ffd2ddb0000 - 0x00007ffd2de09000 	C:\windows\SYSTEM32\sechost.dll
0x00007ffd2de40000 - 0x00007ffd2e051000 	C:\windows\SYSTEM32\combase.dll
0x00007ffd2e1a0000 - 0x00007ffd2e2f0000 	C:\windows\system32\GDI32.dll
0x00007ffd2d6f0000 - 0x00007ffd2d705000 	C:\windows\SYSTEM32\profapi.dll
0x00007ffd2ba50000 - 0x00007ffd2bb02000 	C:\windows\SYSTEM32\SHCORE.dll
0x00007ffd2fba0000 - 0x00007ffd2fbd6000 	C:\windows\system32\IMM32.DLL
0x00007ffd2dc50000 - 0x00007ffd2dda2000 	C:\windows\system32\MSCTF.dll
0x00007ffd2b590000 - 0x00007ffd2b80b000 	C:\windows\WinSxS\amd64_microsoft.windows.common-controls_6595b64144ccf1df_6.0.9600.18006_none_623f33d3ecbe86e8\COMCTL32.dll
0x0000000068a60000 - 0x0000000068b32000 	C:\Program Files\Java\jdk1.8.0_60\jre\bin\msvcr100.dll
0x0000000067fd0000 - 0x0000000068859000 	C:\Program Files\Java\jdk1.8.0_60\jre\bin\server\jvm.dll
0x00007ffd282e0000 - 0x00007ffd282e9000 	C:\windows\SYSTEM32\WSOCK32.dll
0x00007ffd23af0000 - 0x00007ffd23b12000 	C:\windows\SYSTEM32\WINMM.dll
0x00007ffd2aff0000 - 0x00007ffd2affa000 	C:\windows\SYSTEM32\VERSION.dll
0x00007ffd2fb90000 - 0x00007ffd2fb97000 	C:\windows\system32\PSAPI.DLL
0x00007ffd301e0000 - 0x00007ffd3023a000 	C:\windows\system32\WS2_32.dll
0x00007ffd23a40000 - 0x00007ffd23a6a000 	C:\windows\SYSTEM32\WINMMBASE.dll
0x00007ffd30440000 - 0x00007ffd30449000 	C:\windows\system32\NSI.dll
0x00007ffd2dc00000 - 0x00007ffd2dc4f000 	C:\windows\SYSTEM32\cfgmgr32.dll
0x00007ffd2c510000 - 0x00007ffd2c538000 	C:\windows\SYSTEM32\DEVOBJ.dll
0x0000000067fc0000 - 0x0000000067fcf000 	C:\Program Files\Java\jdk1.8.0_60\jre\bin\verify.dll
0x0000000067f90000 - 0x0000000067fb9000 	C:\Program Files\Java\jdk1.8.0_60\jre\bin\java.dll
0x0000000067f70000 - 0x0000000067f86000 	C:\Program Files\Java\jdk1.8.0_60\jre\bin\zip.dll

VM Arguments:
jvm_args: -Djava.awt.headless=true -Xmx1024M -Dfile.encoding=GBK -Duser.country=CN -Duser.language=zh -Duser.variant 
java_command: com.android.dx.command.Main --dex --force-jumbo --num-threads=4 --output D:\projects\android\studio\workspace\ChatRoomDemo\app\build\intermediates\pre-dexed\debug\com.android.support-support-v4-23.4.0_68b9da0530193dd05ff1d811547bda40c081c587.jar D:\projects\android\studio\workspace\ChatRoomDemo\app\build\intermediates\exploded-aar\com.android.support\support-v4\23.4.0\jars\classes.jar
java_class_path (initial): D:\tools\android\studio\sdk\build-tools\23.0.2\lib\dx.jar
Launcher Type: SUN_STANDARD

Environment Variables:
JAVA_HOME=C:\Program Files\Java\jdk1.8.0_60
CLASSPATH=.;C:\Program Files\Java\jdk1.8.0_60\lib;C:\Program Files\Java\jdk1.8.0_60\lib\tools.jar
PATH=C:\ProgramData\Oracle\Java\javapath;C:\Program Files (x86)\Intel\iCLS Client\;C:\Program Files\Intel\iCLS Client\;C:\windows\system32;C:\windows;C:\windows\System32\Wbem;C:\windows\System32\WindowsPowerShell\v1.0\;C:\Program Files\Intel\Intel(R) Management Engine Components\DAL;C:\Program Files (x86)\Intel\Intel(R) Management Engine Components\DAL;C:\Program Files\Intel\Intel(R) Management Engine Components\IPT;C:\Program Files (x86)\Intel\Intel(R) Management Engine Components\IPT;C:\Program Files (x86)\ATI Technologies\ATI.ACE\Core-Static;C:\ProgramData\Lenovo\ReadyApps;D:\tools\android\eclipse\adt-bundle-windows-x86_64-20140321\platform-tools;C:\Program Files\nodejs\;C:\Program Files\Java\jdk1.8.0_60\bin;C:\Program Files\Java\jdk1.8.0_60\jre\bin;C:\Program Files\nodejs\node_globa
USERNAME=ÎÀ±ë
OS=Windows_NT
PROCESSOR_IDENTIFIER=Intel64 Family 6 Model 69 Stepping 1, GenuineIntel



---------------  S Y S T E M  ---------------

OS: Windows 8.1 , 64 bit Build 9600 (6.3.9600.17415)

CPU:total 4 (2 cores per cpu, 2 threads per core) family 6 model 69 stepping 1, cmov, cx8, fxsr, mmx, sse, sse2, sse3, ssse3, sse4.1, sse4.2, popcnt, avx, avx2, aes, clmul, erms, lzcnt, ht, tsc, tscinvbit, bmi1, bmi2

Memory: 4k page, physical 8310040k(2016728k free), swap 8310040k(5424k free)

vm_info: Java HotSpot(TM) 64-Bit Server VM (25.60-b23) for windows-amd64 JRE (1.8.0_60-b27), built on Aug  4 2015 11:06:27 by "java_re" with MS VC++ 10.0 (VS2010)

time: Fri Jun 24 19:24:58 2016
elapsed time: 20 seconds (0d 0h 0m 20s)

